0 info it worked if it ends with ok
1 verbose cli [ '/usr/bin/nodejs', '/usr/bin/npm', 'install', 'readline-sync' ]
2 info using npm@3.10.10
3 info using node@v6.11.2
4 verbose config Skipping project config: /home/jutharat/.npmrc. (matches userconfig)
5 silly loadCurrentTree Starting
6 silly install loadCurrentTree
7 silly install readLocalPackageData
8 silly fetchPackageMetaData readline-sync
9 silly fetchNamedPackageData readline-sync
10 silly mapToRegistry name readline-sync
11 silly mapToRegistry using default registry
12 silly mapToRegistry registry https://registry.npmjs.org/
13 silly mapToRegistry data Result {
13 silly mapToRegistry   raw: 'readline-sync',
13 silly mapToRegistry   scope: null,
13 silly mapToRegistry   escapedName: 'readline-sync',
13 silly mapToRegistry   name: 'readline-sync',
13 silly mapToRegistry   rawSpec: '',
13 silly mapToRegistry   spec: 'latest',
13 silly mapToRegistry   type: 'tag' }
14 silly mapToRegistry uri https://registry.npmjs.org/readline-sync
15 verbose request uri https://registry.npmjs.org/readline-sync
16 verbose request no auth needed
17 info attempt registry request try #1 at 10:37:13 AM
18 verbose request id 20164d4411f0c1b8
19 http request GET https://registry.npmjs.org/readline-sync
20 http 200 https://registry.npmjs.org/readline-sync
21 verbose headers { server: 'nginx/1.10.3',
21 verbose headers   'content-type': 'application/json',
21 verbose headers   'last-modified': 'Mon, 31 Jul 2017 19:59:42 GMT',
21 verbose headers   etag: 'W/"597f8c2e-217ee"',
21 verbose headers   'content-encoding': 'gzip',
21 verbose headers   'cache-control': 'max-age=300',
21 verbose headers   'content-length': '22847',
21 verbose headers   'accept-ranges': 'bytes',
21 verbose headers   date: 'Thu, 05 Oct 2017 03:37:14 GMT',
21 verbose headers   via: '1.1 varnish',
21 verbose headers   age: '154',
21 verbose headers   connection: 'keep-alive',
21 verbose headers   'x-served-by': 'cache-sin18021-SIN',
21 verbose headers   'x-cache': 'HIT',
21 verbose headers   'x-cache-hits': '1',
21 verbose headers   'x-timer': 'S1507174634.191437,VS0,VE0',
21 verbose headers   vary: 'Accept-Encoding, Accept' }
22 silly get cb [ 200,
22 silly get   { server: 'nginx/1.10.3',
22 silly get     'content-type': 'application/json',
22 silly get     'last-modified': 'Mon, 31 Jul 2017 19:59:42 GMT',
22 silly get     etag: 'W/"597f8c2e-217ee"',
22 silly get     'content-encoding': 'gzip',
22 silly get     'cache-control': 'max-age=300',
22 silly get     'content-length': '22847',
22 silly get     'accept-ranges': 'bytes',
22 silly get     date: 'Thu, 05 Oct 2017 03:37:14 GMT',
22 silly get     via: '1.1 varnish',
22 silly get     age: '154',
22 silly get     connection: 'keep-alive',
22 silly get     'x-served-by': 'cache-sin18021-SIN',
22 silly get     'x-cache': 'HIT',
22 silly get     'x-cache-hits': '1',
22 silly get     'x-timer': 'S1507174634.191437,VS0,VE0',
22 silly get     vary: 'Accept-Encoding, Accept' } ]
23 verbose get saving readline-sync to /home/jutharat/.npm/registry.npmjs.org/readline-sync/.cache.json
24 verbose correctMkdir /home/jutharat/.npm correctMkdir not in flight; initializing
25 silly install normalizeTree
26 silly loadCurrentTree Finishing
27 silly loadIdealTree Starting
28 silly install loadIdealTree
29 silly cloneCurrentTree Starting
30 silly install cloneCurrentTreeToIdealTree
31 silly cloneCurrentTree Finishing
32 silly loadShrinkwrap Starting
33 silly install loadShrinkwrap
34 silly loadShrinkwrap Finishing
35 silly loadAllDepsIntoIdealTree Starting
36 silly install loadAllDepsIntoIdealTree
37 silly resolveWithNewModule readline-sync@1.4.7 checking installable status
38 silly cache add args [ 'readline-sync', null ]
39 verbose cache add spec readline-sync
40 silly cache add parsed spec Result {
40 silly cache add   raw: 'readline-sync',
40 silly cache add   scope: null,
40 silly cache add   escapedName: 'readline-sync',
40 silly cache add   name: 'readline-sync',
40 silly cache add   rawSpec: '',
40 silly cache add   spec: 'latest',
40 silly cache add   type: 'tag' }
41 silly addNamed readline-sync@latest
42 verbose addNamed "latest" is being treated as a dist-tag for readline-sync
43 info addNameTag [ 'readline-sync', 'latest' ]
44 silly mapToRegistry name readline-sync
45 silly mapToRegistry using default registry
46 silly mapToRegistry registry https://registry.npmjs.org/
47 silly mapToRegistry data Result {
47 silly mapToRegistry   raw: 'readline-sync',
47 silly mapToRegistry   scope: null,
47 silly mapToRegistry   escapedName: 'readline-sync',
47 silly mapToRegistry   name: 'readline-sync',
47 silly mapToRegistry   rawSpec: '',
47 silly mapToRegistry   spec: 'latest',
47 silly mapToRegistry   type: 'tag' }
48 silly mapToRegistry uri https://registry.npmjs.org/readline-sync
49 verbose addNameTag registry:https://registry.npmjs.org/readline-sync not in flight; fetching
50 verbose get https://registry.npmjs.org/readline-sync not expired, no request
51 silly addNameTag next cb for readline-sync with tag latest
52 silly addNamed readline-sync@1.4.7
53 verbose addNamed "1.4.7" is a plain semver version for readline-sync
54 silly mapToRegistry name readline-sync
55 silly mapToRegistry using default registry
56 silly mapToRegistry registry https://registry.npmjs.org/
57 silly mapToRegistry data Result {
57 silly mapToRegistry   raw: 'readline-sync',
57 silly mapToRegistry   scope: null,
57 silly mapToRegistry   escapedName: 'readline-sync',
57 silly mapToRegistry   name: 'readline-sync',
57 silly mapToRegistry   rawSpec: '',
57 silly mapToRegistry   spec: 'latest',
57 silly mapToRegistry   type: 'tag' }
58 silly mapToRegistry uri https://registry.npmjs.org/readline-sync
59 verbose addRemoteTarball https://registry.npmjs.org/readline-sync/-/readline-sync-1.4.7.tgz not in flight; adding
60 verbose addRemoteTarball [ 'https://registry.npmjs.org/readline-sync/-/readline-sync-1.4.7.tgz',
60 verbose addRemoteTarball   '001bfdd4c06110c3c084c63bf7c6a56022213f30' ]
61 info retry fetch attempt 1 at 10:37:14 AM
62 info attempt registry request try #1 at 10:37:14 AM
63 http fetch GET https://registry.npmjs.org/readline-sync/-/readline-sync-1.4.7.tgz
64 http fetch 200 https://registry.npmjs.org/readline-sync/-/readline-sync-1.4.7.tgz
65 silly fetchAndShaCheck shasum 001bfdd4c06110c3c084c63bf7c6a56022213f30
66 verbose addTmpTarball /tmp/npm-7213-5c83748b/registry.npmjs.org/readline-sync/-/readline-sync-1.4.7.tgz not in flight; adding
67 verbose addTmpTarball already have metadata; skipping unpack for readline-sync@1.4.7
68 verbose correctMkdir /home/jutharat/.npm correctMkdir not in flight; initializing
69 silly cache afterAdd readline-sync@1.4.7
70 verbose afterAdd /home/jutharat/.npm/readline-sync/1.4.7/package/package.json not in flight; writing
71 verbose correctMkdir /home/jutharat/.npm correctMkdir not in flight; initializing
72 verbose afterAdd /home/jutharat/.npm/readline-sync/1.4.7/package/package.json written
73 silly loadAllDepsIntoIdealTree Finishing
74 silly loadIdealTree Finishing
75 silly currentTree jutharat
75 silly currentTree ├── @types/node@7.0.43
75 silly currentTree ├── ajv@4.11.8
75 silly currentTree ├── ansi-regex@2.1.1
75 silly currentTree ├── array-find-index@1.0.2
75 silly currentTree ├── asn1@0.2.3
75 silly currentTree ├── assert-plus@0.2.0
75 silly currentTree ├── asynckit@0.4.0
75 silly currentTree ├── aws-sign2@0.6.0
75 silly currentTree ├── aws4@1.6.0
75 silly currentTree ├── balanced-match@1.0.0
75 silly currentTree ├── bcrypt-pbkdf@1.0.1
75 silly currentTree ├── boom@2.10.1
75 silly currentTree ├── brace-expansion@1.1.8
75 silly currentTree ├── builtin-modules@1.1.1
75 silly currentTree ├── camelcase-keys@2.1.0
75 silly currentTree ├── camelcase@2.1.1
75 silly currentTree ├── caseless@0.12.0
75 silly currentTree ├── co@4.6.0
75 silly currentTree ├── code-point-at@1.1.0
75 silly currentTree ├── combined-stream@1.0.5
75 silly currentTree ├── concat-map@0.0.1
75 silly currentTree ├─┬ concat-stream@1.6.0
75 silly currentTree │ ├── isarray@1.0.0
75 silly currentTree │ ├── readable-stream@2.3.3
75 silly currentTree │ └── string_decoder@1.0.3
75 silly currentTree ├── core-util-is@1.0.2
75 silly currentTree ├── cryptiles@2.0.5
75 silly currentTree ├── currently-unhandled@0.4.1
75 silly currentTree ├─┬ dashdash@1.14.1
75 silly currentTree │ └── assert-plus@1.0.0
75 silly currentTree ├── debug@2.6.8
75 silly currentTree ├── decamelize@1.2.0
75 silly currentTree ├── deep-extend@0.4.2
75 silly currentTree ├── delayed-stream@1.0.0
75 silly currentTree ├── ecc-jsbn@0.1.1
75 silly currentTree ├── electron-download@3.3.0
75 silly currentTree ├── electron@1.7.6
75 silly currentTree ├── error-ex@1.3.1
75 silly currentTree ├── es6-promise@4.1.1
75 silly currentTree ├── extend@3.0.1
75 silly currentTree ├─┬ extract-zip@1.6.5
75 silly currentTree │ ├── debug@2.2.0
75 silly currentTree │ └── ms@0.7.1
75 silly currentTree ├── extsprintf@1.3.0
75 silly currentTree ├── fd-slicer@1.0.1
75 silly currentTree ├── find-up@1.1.2
75 silly currentTree ├── forever-agent@0.6.1
75 silly currentTree ├── form-data@2.1.4
75 silly currentTree ├── fs-extra@0.30.0
75 silly currentTree ├── fs.realpath@1.0.0
75 silly currentTree ├── get-stdin@4.0.1
75 silly currentTree ├─┬ getpass@0.1.7
75 silly currentTree │ └── assert-plus@1.0.0
75 silly currentTree ├── glob@7.1.2
75 silly currentTree ├── graceful-fs@4.1.11
75 silly currentTree ├── har-schema@1.0.5
75 silly currentTree ├── har-validator@4.2.1
75 silly currentTree ├── hawk@3.1.3
75 silly currentTree ├── hoek@2.16.3
75 silly currentTree ├── home-path@1.0.5
75 silly currentTree ├── hosted-git-info@2.5.0
75 silly currentTree ├── http-signature@1.1.1
75 silly currentTree ├── indent-string@2.1.0
75 silly currentTree ├── inflight@1.0.6
75 silly currentTree ├── inherits@2.0.3
75 silly currentTree ├── ini@1.3.4
75 silly currentTree ├── is-arrayish@0.2.1
75 silly currentTree ├── is-builtin-module@1.0.0
75 silly currentTree ├── is-finite@1.0.2
75 silly currentTree ├── is-fullwidth-code-point@1.0.0
75 silly currentTree ├── is-typedarray@1.0.0
75 silly currentTree ├── is-utf8@0.2.1
75 silly currentTree ├── isarray@0.0.1
75 silly currentTree ├── isstream@0.1.2
75 silly currentTree ├── jsbn@0.1.1
75 silly currentTree ├── json-schema@0.2.3
75 silly currentTree ├── json-stable-stringify@1.0.1
75 silly currentTree ├── json-stringify-safe@5.0.1
75 silly currentTree ├── jsonfile@2.4.0
75 silly currentTree ├── jsonify@0.0.0
75 silly currentTree ├─┬ jsprim@1.4.1
75 silly currentTree │ └── assert-plus@1.0.0
75 silly currentTree ├── klaw@1.3.1
75 silly currentTree ├── load-json-file@1.1.0
75 silly currentTree ├── loud-rejection@1.6.0
75 silly currentTree ├── map-obj@1.0.1
75 silly currentTree ├── meow@3.7.0
75 silly currentTree ├── mime-db@1.30.0
75 silly currentTree ├── mime-types@2.1.17
75 silly currentTree ├── minimatch@3.0.4
75 silly currentTree ├── minimist@1.2.0
75 silly currentTree ├─┬ mkdirp@0.5.0
75 silly currentTree │ └── minimist@0.0.8
75 silly currentTree ├── ms@2.0.0
75 silly currentTree ├── normalize-package-data@2.4.0
75 silly currentTree ├── nugget@2.0.1
75 silly currentTree ├── number-is-nan@1.0.1
75 silly currentTree ├── oauth-sign@0.8.2
75 silly currentTree ├── object-assign@4.1.1
75 silly currentTree ├── object-keys@0.4.0
75 silly currentTree ├── once@1.4.0
75 silly currentTree ├── parse-json@2.2.0
75 silly currentTree ├── path-exists@2.1.0
75 silly currentTree ├── path-is-absolute@1.0.1
75 silly currentTree ├── path-type@1.1.0
75 silly currentTree ├── pend@1.2.0
75 silly currentTree ├── performance-now@0.2.0
75 silly currentTree ├── pify@2.3.0
75 silly currentTree ├── pinkie-promise@2.0.1
75 silly currentTree ├── pinkie@2.0.4
75 silly currentTree ├── pretty-bytes@1.0.4
75 silly currentTree ├── process-nextick-args@1.0.7
75 silly currentTree ├── progress-stream@1.2.0
75 silly currentTree ├── punycode@1.4.1
75 silly currentTree ├── qs@6.4.0
75 silly currentTree ├── rc@1.2.1
75 silly currentTree ├── read-pkg-up@1.0.1
75 silly currentTree ├── read-pkg@1.1.0
75 silly currentTree ├── readable-stream@1.1.14
75 silly currentTree ├── redent@1.0.0
75 silly currentTree ├── repeating@2.0.1
75 silly currentTree ├── request@2.81.0
75 silly currentTree ├── rimraf@2.6.1
75 silly currentTree ├── safe-buffer@5.1.1
75 silly currentTree ├── semver@5.4.1
75 silly currentTree ├── signal-exit@3.0.2
75 silly currentTree ├── single-line-log@1.1.2
75 silly currentTree ├── sntp@1.0.9
75 silly currentTree ├── spdx-correct@1.0.2
75 silly currentTree ├── spdx-expression-parse@1.0.4
75 silly currentTree ├── spdx-license-ids@1.2.2
75 silly currentTree ├── speedometer@0.1.4
75 silly currentTree ├─┬ sshpk@1.13.1
75 silly currentTree │ └── assert-plus@1.0.0
75 silly currentTree ├── string_decoder@0.10.31
75 silly currentTree ├── string-width@1.0.2
75 silly currentTree ├── stringstream@0.0.5
75 silly currentTree ├── strip-ansi@3.0.1
75 silly currentTree ├── strip-bom@2.0.0
75 silly currentTree ├── strip-indent@1.0.1
75 silly currentTree ├── strip-json-comments@2.0.1
75 silly currentTree ├── sumchecker@1.3.1
75 silly currentTree ├── throttleit@0.0.2
75 silly currentTree ├── through2@0.2.3
75 silly currentTree ├── tough-cookie@2.3.2
75 silly currentTree ├── trim-newlines@1.0.0
75 silly currentTree ├── tunnel-agent@0.6.0
75 silly currentTree ├── tweetnacl@0.14.5
75 silly currentTree ├── typedarray@0.0.6
75 silly currentTree ├── util-deprecate@1.0.2
75 silly currentTree ├── uuid@3.1.0
75 silly currentTree ├── validate-npm-package-license@3.0.1
75 silly currentTree ├─┬ verror@1.10.0
75 silly currentTree │ └── assert-plus@1.0.0
75 silly currentTree ├── wrappy@1.0.2
75 silly currentTree ├── xtend@2.1.2
75 silly currentTree └── yauzl@2.4.1
76 silly idealTree jutharat
76 silly idealTree ├── @types/node@7.0.43
76 silly idealTree ├── ajv@4.11.8
76 silly idealTree ├── ansi-regex@2.1.1
76 silly idealTree ├── array-find-index@1.0.2
76 silly idealTree ├── asn1@0.2.3
76 silly idealTree ├── assert-plus@0.2.0
76 silly idealTree ├── asynckit@0.4.0
76 silly idealTree ├── aws-sign2@0.6.0
76 silly idealTree ├── aws4@1.6.0
76 silly idealTree ├── balanced-match@1.0.0
76 silly idealTree ├── bcrypt-pbkdf@1.0.1
76 silly idealTree ├── boom@2.10.1
76 silly idealTree ├── brace-expansion@1.1.8
76 silly idealTree ├── builtin-modules@1.1.1
76 silly idealTree ├── camelcase-keys@2.1.0
76 silly idealTree ├── camelcase@2.1.1
76 silly idealTree ├── caseless@0.12.0
76 silly idealTree ├── co@4.6.0
76 silly idealTree ├── code-point-at@1.1.0
76 silly idealTree ├── combined-stream@1.0.5
76 silly idealTree ├── concat-map@0.0.1
76 silly idealTree ├─┬ concat-stream@1.6.0
76 silly idealTree │ ├── isarray@1.0.0
76 silly idealTree │ ├── readable-stream@2.3.3
76 silly idealTree │ └── string_decoder@1.0.3
76 silly idealTree ├── core-util-is@1.0.2
76 silly idealTree ├── cryptiles@2.0.5
76 silly idealTree ├── currently-unhandled@0.4.1
76 silly idealTree ├─┬ dashdash@1.14.1
76 silly idealTree │ └── assert-plus@1.0.0
76 silly idealTree ├── debug@2.6.8
76 silly idealTree ├── decamelize@1.2.0
76 silly idealTree ├── deep-extend@0.4.2
76 silly idealTree ├── delayed-stream@1.0.0
76 silly idealTree ├── ecc-jsbn@0.1.1
76 silly idealTree ├── electron-download@3.3.0
76 silly idealTree ├── electron@1.7.6
76 silly idealTree ├── error-ex@1.3.1
76 silly idealTree ├── es6-promise@4.1.1
76 silly idealTree ├── extend@3.0.1
76 silly idealTree ├─┬ extract-zip@1.6.5
76 silly idealTree │ ├── debug@2.2.0
76 silly idealTree │ └── ms@0.7.1
76 silly idealTree ├── extsprintf@1.3.0
76 silly idealTree ├── fd-slicer@1.0.1
76 silly idealTree ├── find-up@1.1.2
76 silly idealTree ├── forever-agent@0.6.1
76 silly idealTree ├── form-data@2.1.4
76 silly idealTree ├── fs-extra@0.30.0
76 silly idealTree ├── fs.realpath@1.0.0
76 silly idealTree ├── get-stdin@4.0.1
76 silly idealTree ├─┬ getpass@0.1.7
76 silly idealTree │ └── assert-plus@1.0.0
76 silly idealTree ├── glob@7.1.2
76 silly idealTree ├── graceful-fs@4.1.11
76 silly idealTree ├── har-schema@1.0.5
76 silly idealTree ├── har-validator@4.2.1
76 silly idealTree ├── hawk@3.1.3
76 silly idealTree ├── hoek@2.16.3
76 silly idealTree ├── home-path@1.0.5
76 silly idealTree ├── hosted-git-info@2.5.0
76 silly idealTree ├── http-signature@1.1.1
76 silly idealTree ├── indent-string@2.1.0
76 silly idealTree ├── inflight@1.0.6
76 silly idealTree ├── inherits@2.0.3
76 silly idealTree ├── ini@1.3.4
76 silly idealTree ├── is-arrayish@0.2.1
76 silly idealTree ├── is-builtin-module@1.0.0
76 silly idealTree ├── is-finite@1.0.2
76 silly idealTree ├── is-fullwidth-code-point@1.0.0
76 silly idealTree ├── is-typedarray@1.0.0
76 silly idealTree ├── is-utf8@0.2.1
76 silly idealTree ├── isarray@0.0.1
76 silly idealTree ├── isstream@0.1.2
76 silly idealTree ├── jsbn@0.1.1
76 silly idealTree ├── json-schema@0.2.3
76 silly idealTree ├── json-stable-stringify@1.0.1
76 silly idealTree ├── json-stringify-safe@5.0.1
76 silly idealTree ├── jsonfile@2.4.0
76 silly idealTree ├── jsonify@0.0.0
76 silly idealTree ├─┬ jsprim@1.4.1
76 silly idealTree │ └── assert-plus@1.0.0
76 silly idealTree ├── klaw@1.3.1
76 silly idealTree ├── load-json-file@1.1.0
76 silly idealTree ├── loud-rejection@1.6.0
76 silly idealTree ├── map-obj@1.0.1
76 silly idealTree ├── meow@3.7.0
76 silly idealTree ├── mime-db@1.30.0
76 silly idealTree ├── mime-types@2.1.17
76 silly idealTree ├── minimatch@3.0.4
76 silly idealTree ├── minimist@1.2.0
76 silly idealTree ├─┬ mkdirp@0.5.0
76 silly idealTree │ └── minimist@0.0.8
76 silly idealTree ├── ms@2.0.0
76 silly idealTree ├── normalize-package-data@2.4.0
76 silly idealTree ├── nugget@2.0.1
76 silly idealTree ├── number-is-nan@1.0.1
76 silly idealTree ├── oauth-sign@0.8.2
76 silly idealTree ├── object-assign@4.1.1
76 silly idealTree ├── object-keys@0.4.0
76 silly idealTree ├── once@1.4.0
76 silly idealTree ├── parse-json@2.2.0
76 silly idealTree ├── path-exists@2.1.0
76 silly idealTree ├── path-is-absolute@1.0.1
76 silly idealTree ├── path-type@1.1.0
76 silly idealTree ├── pend@1.2.0
76 silly idealTree ├── performance-now@0.2.0
76 silly idealTree ├── pify@2.3.0
76 silly idealTree ├── pinkie-promise@2.0.1
76 silly idealTree ├── pinkie@2.0.4
76 silly idealTree ├── pretty-bytes@1.0.4
76 silly idealTree ├── process-nextick-args@1.0.7
76 silly idealTree ├── progress-stream@1.2.0
76 silly idealTree ├── punycode@1.4.1
76 silly idealTree ├── qs@6.4.0
76 silly idealTree ├── rc@1.2.1
76 silly idealTree ├── read-pkg-up@1.0.1
76 silly idealTree ├── read-pkg@1.1.0
76 silly idealTree ├── readable-stream@1.1.14
76 silly idealTree ├── readline-sync@1.4.7
76 silly idealTree ├── redent@1.0.0
76 silly idealTree ├── repeating@2.0.1
76 silly idealTree ├── request@2.81.0
76 silly idealTree ├── rimraf@2.6.1
76 silly idealTree ├── safe-buffer@5.1.1
76 silly idealTree ├── semver@5.4.1
76 silly idealTree ├── signal-exit@3.0.2
76 silly idealTree ├── single-line-log@1.1.2
76 silly idealTree ├── sntp@1.0.9
76 silly idealTree ├── spdx-correct@1.0.2
76 silly idealTree ├── spdx-expression-parse@1.0.4
76 silly idealTree ├── spdx-license-ids@1.2.2
76 silly idealTree ├── speedometer@0.1.4
76 silly idealTree ├─┬ sshpk@1.13.1
76 silly idealTree │ └── assert-plus@1.0.0
76 silly idealTree ├── string_decoder@0.10.31
76 silly idealTree ├── string-width@1.0.2
76 silly idealTree ├── stringstream@0.0.5
76 silly idealTree ├── strip-ansi@3.0.1
76 silly idealTree ├── strip-bom@2.0.0
76 silly idealTree ├── strip-indent@1.0.1
76 silly idealTree ├── strip-json-comments@2.0.1
76 silly idealTree ├── sumchecker@1.3.1
76 silly idealTree ├── throttleit@0.0.2
76 silly idealTree ├── through2@0.2.3
76 silly idealTree ├── tough-cookie@2.3.2
76 silly idealTree ├── trim-newlines@1.0.0
76 silly idealTree ├── tunnel-agent@0.6.0
76 silly idealTree ├── tweetnacl@0.14.5
76 silly idealTree ├── typedarray@0.0.6
76 silly idealTree ├── util-deprecate@1.0.2
76 silly idealTree ├── uuid@3.1.0
76 silly idealTree ├── validate-npm-package-license@3.0.1
76 silly idealTree ├─┬ verror@1.10.0
76 silly idealTree │ └── assert-plus@1.0.0
76 silly idealTree ├── wrappy@1.0.2
76 silly idealTree ├── xtend@2.1.2
76 silly idealTree └── yauzl@2.4.1
77 silly generateActionsToTake Starting
78 silly install generateActionsToTake
79 warn checkPermissions Missing write access to /home/jutharat/node_modules
80 silly rollbackFailedOptional Starting
81 silly rollbackFailedOptional Finishing
82 silly runTopLevelLifecycles Finishing
83 silly install printInstalled
84 warn enoent ENOENT: no such file or directory, open '/home/jutharat/package.json'
85 verbose enoent ENOENT: no such file or directory, open '/home/jutharat/package.json'
85 verbose enoent This is most likely not a problem with npm itself
85 verbose enoent and is related to npm not being able to find a file.
86 warn jutharat No description
87 verbose If you need help, you may report this error at:
87 verbose     <https://github.com/npm/npm/issues>
88 warn jutharat No repository field.
89 verbose If you need help, you may report this error at:
89 verbose     <https://github.com/npm/npm/issues>
90 warn jutharat No README data
91 verbose If you need help, you may report this error at:
91 verbose     <https://github.com/npm/npm/issues>
92 warn jutharat No license field.
93 verbose If you need help, you may report this error at:
93 verbose     <https://github.com/npm/npm/issues>
94 verbose stack Error: EACCES: permission denied, access '/home/jutharat/node_modules'
94 verbose stack     at Error (native)
95 verbose cwd /home/jutharat/nodejs-at-ubu/tutor
96 error Linux 4.10.0-35-generic
97 error argv "/usr/bin/nodejs" "/usr/bin/npm" "install" "readline-sync"
98 error node v6.11.2
99 error npm  v3.10.10
100 error path /home/jutharat/node_modules
101 error code EACCES
102 error errno -13
103 error syscall access
104 error Error: EACCES: permission denied, access '/home/jutharat/node_modules'
104 error     at Error (native)
104 error  { Error: EACCES: permission denied, access '/home/jutharat/node_modules'
104 error     at Error (native)
104 error   errno: -13,
104 error   code: 'EACCES',
104 error   syscall: 'access',
104 error   path: '/home/jutharat/node_modules' }
105 error Please try running this command again as root/Administrator.
106 verbose exit [ -13, true ]
